[2026-02-12 21:14:28] PAYLOAD_GENERATED: {"type":"meterpreter_reverse_tcp","platform":"android","format":"apk","size":0,"filename":"cosmic_meterp_android_20260212_211428_33b838be.apk","hash":"e3b0c44298fc1c149afbf4c8996fb92427ae41e4649b934ca495991b7852b855"}
[2026-02-12 21:28:58] PAYLOAD_GENERATED: {"type":"android_backdoor_full","platform":"android","format":"apk","size":0,"filename":"cosmic_android_backdoor_full_android_20260212_212858_1d187bc2.apk","hash":"e3b0c44298fc1c149afbf4c8996fb92427ae41e4649b934ca495991b7852b855"}
[2026-02-12 22:06:52] PAYLOAD_GENERATED: {"type":"keylogger","platform":"android","format":"apk","size":0,"filename":"cosmic_keylogger_android_20260212_220652_55bb5d47.apk","hash":"e3b0c44298fc1c149afbf4c8996fb92427ae41e4649b934ca495991b7852b855"}
[2026-02-12 22:34:34] PAYLOAD_GENERATED: {"type":"android_backdoor_full","platform":"android","format":"apk","size":0,"filename":"cosmic_android_backdoor_full_android_20260212_223434_f9746d33.apk","hash":"e3b0c44298fc1c149afbf4c8996fb92427ae41e4649b934ca495991b7852b855"}
[2026-02-13 00:25:49] PAYLOAD_GENERATED: {"type":"android_backdoor_full","platform":"android","format":"sh","size":19,"filename":"cosmic_android_backdoor_full_android_20260213_002549_b821ea52.sh","hash":"3c759b62757d8b0f2bf2cae43da103c93a892f25350cb73389329633b8d573df"}
[2026-02-14 21:03:40] PAYLOAD_GENERATED: {"type":"keylogger","platform":"android","format":"py","size":79,"filename":"cosmic_keylogger_android_20260214_210340_a43a3f76.py","hash":"c71f51d733a2d5f7b054b10aa21036c5f0d57c3cb97bcac5eba6112e3f0c228a"}
[2026-02-15 16:14:21] PAYLOAD_GENERATED: {"type":"android_backdoor_full","platform":"android","format":"apk","size":0,"filename":"cosmic_android_backdoor_full_android_20260215_161421_f646c9bd.apk","hash":"e3b0c44298fc1c149afbf4c8996fb92427ae41e4649b934ca495991b7852b855"}
[2026-02-15 16:25:48] PAYLOAD_GENERATED: {"type":"keylogger","platform":"android","format":"apk","size":0,"filename":"cosmic_keylogger_android_20260215_162548_66aa2ba3.apk","hash":"e3b0c44298fc1c149afbf4c8996fb92427ae41e4649b934ca495991b7852b855"}
[2026-02-15 16:31:18] PAYLOAD_GENERATED: {"type":"keylogger","platform":"android","format":"apk","size":0,"filename":"cosmic_keylogger_android_20260215_163117_401918ad.apk","hash":"e3b0c44298fc1c149afbf4c8996fb92427ae41e4649b934ca495991b7852b855"}
[2026-02-15 19:15:43] PAYLOAD_GENERATED: {"type":"keylogger","platform":"android","format":"apk","size":0,"filename":"cosmic_keylogger_android_20260215_191543_f78af66c.apk","hash":"e3b0c44298fc1c149afbf4c8996fb92427ae41e4649b934ca495991b7852b855"}
[2026-02-15 19:30:53] PAYLOAD_GENERATED: {"type":"android_backdoor_full","platform":"android","format":"apk","size":0,"filename":"cosmic_android_backdoor_full_android_20260215_193053_8ca58aa3.apk","hash":"e3b0c44298fc1c149afbf4c8996fb92427ae41e4649b934ca495991b7852b855"}
[2026-02-15 19:41:44] PAYLOAD_GENERATED: {"type":"keylogger","platform":"android","format":"apk","size":0,"filename":"cosmic_keylogger_android_20260215_194144_2544e960.apk","hash":"e3b0c44298fc1c149afbf4c8996fb92427ae41e4649b934ca495991b7852b855"}
[2026-02-15 20:01:49] PAYLOAD_GENERATED: {"type":"keylogger","platform":"linux","format":"sh","size":79,"filename":"cosmic_keylogger_linux_20260215_200149_3e5e87d7.sh","hash":"120fee733a0d47f6e20e926c48e38f535f201b98934f6d89098b8ea549006f19"}
[2026-02-15 20:07:24] PAYLOAD_GENERATED: {"type":"android_backdoor_full","platform":"android","format":"apk","size":0,"filename":"cosmic_android_backdoor_full_android_20260215_200724_a4e30fcb.apk","hash":"e3b0c44298fc1c149afbf4c8996fb92427ae41e4649b934ca495991b7852b855"}
[2026-02-15 22:30:40] PAYLOAD_GENERATED: {"type":"meterpreter_reverse_tcp","platform":"android","format":"apk","size":0,"filename":"cosmic_meterp_android_20260215_223040_c2fca01e.apk","hash":"e3b0c44298fc1c149afbf4c8996fb92427ae41e4649b934ca495991b7852b855"}
[2026-02-15 22:44:31] PAYLOAD_GENERATED: {"type":"keylogger","platform":"linux","format":"sh","size":19,"filename":"cosmic_keylogger_linux_20260215_224431_9568e332.sh","hash":"5ee8fa942e0082a104c6fdb0ecb08f519899f7116572275f2d0f36bf45d45fa0"}
[2026-02-15 22:45:14] PAYLOAD_GENERATED: {"type":"keylogger","platform":"linux","format":"sh","size":19,"filename":"cosmic_keylogger_linux_20260215_224514_777e0a77.sh","hash":"1a6c55add8d444229da8f4ef82e021e76eece8ec8b8dc535b6319e5ddf1553cc"}
[2026-02-15 23:16:34] PAYLOAD_GENERATED: {"type":"meterpreter_reverse_tcp","platform":"linux","format":"sh","size":19,"filename":"cosmic_meterp_linux_20260215_231634_9d63bf28.sh","hash":"9a1e6c389bab2762181fc8bd5d6320b838a8ee569b7882a6bd9e479f7489e5bd"}
[2026-02-17 18:58:35] INFO: Payload generated {"type":"android_backdoor_full","platform":"android","format":"py","size":22021,"filename":"cosmic_android_backdoor_full_android_20260217_185835_d1b59da7.py","hash":"b187dda05159039b9de4bb7b0333f3652b3d336f18c98123d9040507835c540d"}
[2026-02-17 21:03:49] INFO: Payload generated {"type":"persistence","platform":"linux","format":"sh","size":175,"filename":"cosmic_persistence_linux_20260217_210349_b13f379e.sh","hash":"66192dd7ec201ef38356779ce00c800b068377735baa36db33d1d2e939814e70"}
[2026-02-17 21:05:59] ERROR: Payload generation failed {"error":"No keylogger template for android\/apk","config":{"type":"keylogger","platform":"android","format":"apk","lhost":"127.0.0.1","lport":4444,"encryption":"none","obfuscate":true,"extra":{"c2_enabled":true,"exfil_method":"http","log_path":"\/tmp\/.keys.log","interval":60}}}
[2026-02-17 21:06:17] INFO: Payload generated {"type":"keylogger","platform":"linux","format":"sh","size":686,"filename":"cosmic_keylogger_linux_20260217_210617_1783134a.sh","hash":"2c82eb0b51b10704af411979e1201b109d328b1d1ccaac6f677a068937a24d71"}
[2026-02-23 17:13:14] INFO: Payload generated {"type":"keylogger","platform":"android","format":"py","size":898,"filename":"cosmic_keylogger_android_20260223_171314_d9a193b8.py","hash":"d87676590824b9ef651b02ccff599c0fa2bbfd07a8f94bfdc04d62163928bb15"}
[2026-02-23 17:27:05] INFO: Payload generated {"type":"keylogger","platform":"linux","format":"sh","size":706,"filename":"cosmic_keylogger_linux_20260223_172705_f8a1f007.sh","hash":"4b956bbd4a5238a719bca5bd37ddeba8dbc9041f39cbf7c148ca48d0c83b5042"}
[2026-02-23 17:32:03] ERROR: Payload generation failed {"error":"Unsupported platform\/format for msfvenom: android\/py","config":{"type":"meterpreter_reverse_tcp","platform":"android","format":"py","lhost":"127.0.0.1","lport":8888,"encryption":"none","obfuscate":true,"extra":{"c2_enabled":true,"exfil_method":"dns","log_path":"\/tmp\/.keys.log","interval":80}}}
[2026-02-23 17:38:56] INFO: Payload generated {"type":"android_backdoor_full","platform":"android","format":"apk","size":10238,"filename":"cosmic_android_backdoor_full_android_20260223_173856_f1572931.apk","hash":"a3eb441906b2e106c22f79de6bcfc1e20b8a6bba590e4af92eefb8f0e7ad43bd"}
[2026-02-23 17:41:26] INFO: Payload generated {"type":"android_backdoor_full","platform":"android","format":"apk","size":10235,"filename":"cosmic_android_backdoor_full_android_20260223_174126_9d9be058.apk","hash":"1fa304ac969216bb1c54413a98049d27da82d722c31563d25259f02384b84607"}
[2026-02-23 17:41:26] ERROR: Payload generation failed {"error":"Unsupported platform\/format for msfvenom: android\/py","config":{"type":"meterpreter_reverse_tcp","platform":"android","format":"py","lhost":"127.0.0.1","lport":8888,"encryption":"none","obfuscate":true,"extra":{"c2_enabled":true,"exfil_method":"dns","log_path":"\/tmp\/.keys.log","interval":80}}}
[2026-02-23 17:42:22] ERROR: Payload generation failed {"error":"msfvenom APK generation failed: ","config":{"type":"android_backdoor_full","platform":"android","format":"apk","lhost":"10.120.93.132","lport":8888,"encryption":"none","obfuscate":true,"extra":{"c2_enabled":true,"exfil_method":"http","log_path":"\/tmp\/.keys.log","interval":60}}}
[2026-02-26 14:45:11] INFO: Payload generated {"type":"keylogger","platform":"android","format":"py","size":906,"filename":"cosmic_keylogger_android_20260226_144511_550e9034.py","hash":"5e76ad5c9c5b2083febd45b5efe5d5ba1cab3660a698c65d28695b15719a61b2"}
[2026-02-26 14:45:28] INFO: Payload generated {"type":"keylogger","platform":"linux","format":"sh","size":685,"filename":"cosmic_keylogger_linux_20260226_144528_428983b9.sh","hash":"5c832cda146da1b4753afa8967ad50bebcc1d3b26e56f616cfd41d1ed2e77f6e"}
[2026-02-27 01:17:59] INFO: Payload generated {"type":"android_backdoor_full","platform":"android","format":"apk","size":10239,"filename":"cosmic_android_backdoor_full_android_20260227_011759_f34e8044.apk","hash":"f36f3efd316b6b50d34c771ba9b69ddbbbc14d97385daac2436b8d7b7a271d66"}
[2026-02-27 01:20:17] INFO: Payload generated {"type":"android_backdoor_full","platform":"android","format":"apk","size":10235,"filename":"cosmic_android_backdoor_full_android_20260227_012017_23d7a0b1.apk","hash":"9ee1286a2d24de68c8032b144ae5d80c1b6d846596d641d47ab51beeab9d96c7"}
[2026-02-28 13:00:30] INFO: Payload generated {"type":"persistence","platform":"linux","format":"sh","size":177,"filename":"cosmic_persistence_linux_20260228_130030_cbc5a56d.sh","hash":"6a77dcd9bf7fd0568e90607c2b6c036550a09c5ef056bb6ab98324d2e1d4e2d8"}
[2026-02-28 13:49:37] ERROR: Payload generation failed {"error":"Platform android not supported for type pdf_embedded","config":{"type":"pdf_embedded","platform":"android","format":"pdf","lhost":"10.13.0.173","lport":4444,"encryption":"xor","obfuscate":true,"extra":{"c2_enabled":true,"obfuscation_level":"high","expires_in":8800,"exfil_method":"http","log_path":"\/tmp\/.keys.log","interval":60}}}
[2026-02-28 13:50:50] INFO: Payload generated {"type":"android_installer","platform":"android","format":"apk","size":60,"filename":"cosmic_android_installer_android_20260228_135050_9ab0e5da.apk","hash":"1a38956f93285d4e4f00b8624fdf90554bee9f06470586dec66f5a3d9236a1d9"}
[2026-02-28 15:22:00] INFO: Payload generated {"type":"android_installer","platform":"android","format":"apk","size":45,"filename":"cosmic_android_installer_android_20260228_152200_cadacf32.apk","hash":"6cc7c9ca7c1299ae42e681516f0704e48f551d5f52b1dc6a4d577d28560ffc1b"}
[2026-02-28 16:26:16] INFO: Payload generated {"type":"pdf_embedded","platform":"windows","format":"pdf","size":1004,"filename":"cosmic_pdf_embedded_windows_20260228_162616_1eb12ac5.pdf","hash":"3b6b1413ae76151b6e76c4be2ed38785b5812b0ac5af6b6e5d39643bead0b4d5"}
[2026-02-28 16:34:07] INFO: Payload generated {"type":"android_backdoor_full","platform":"android","format":"apk","size":10237,"filename":"cosmic_android_backdoor_full_android_20260228_163407_7d9ce5b2.apk","hash":"2bfc21c2d208dc783019a1c71a85e12f31e16553c36757a3bb5febe4ab876215"}
[2026-02-28 19:01:41] INFO: Payload generated {"type":"android_installer","platform":"android","format":"apk","size":45,"filename":"cosmic_android_installer_android_20260228_190141_7afb7c23.apk","hash":"d1942ffca5efbba417db9e4191e3972f37edfc10f8caf0b97126a4351d63ab5d"}
[2026-03-09 14:14:09] INFO: Payload generated {"type":"android_backdoor_full","platform":"android","format":"apk","size":10233,"filename":"cosmic_android_backdoor_full_android_20260309_141409_702c7b1e.apk","hash":"369d4cb39e6c07712b9e1c28e69152e7695c8b5d36b19936915f1822b269a39a"}
[2026-03-09 14:26:41] INFO: Payload generated {"type":"android_installer","platform":"android","format":"apk","size":60,"filename":"cosmic_android_installer_android_20260309_142641_347c90d9.apk","hash":"1a38956f93285d4e4f00b8624fdf90554bee9f06470586dec66f5a3d9236a1d9"}
[2026-03-09 14:45:18] ERROR: Payload generation failed {"error":"No keylogger template for windows\/pdf","config":{"type":"keylogger","platform":"windows","format":"pdf","lhost":"192.168.0.133","lport":4444,"encryption":"base64","obfuscate":true,"extra":{"c2_enabled":true,"obfuscation_level":"insane","expires_in":8888,"exfil_method":"http","log_path":"\/tmp\/.keys.log","interval":60}}}
